<?xml version="1.0" encoding="UTF-8"?>
<testng-results ignored="0" total="2" passed="2" failed="0" skipped="0">
  <reporter-output>
    <line>
      <![CDATA[====BROWSER SESSION STARTED====]]>
    </line>
    <line>
      <![CDATA[===STARTING WITH CHROME BROWSER===]]>
    </line>
    <line>
      <![CDATA[==Login Status Text shown and is Verified!]]>
    </line>
    <line>
      <![CDATA[==BROWSER SESSION END==]]>
    </line>
    <line>
      <![CDATA[====BROWSER SESSION STARTED====]]>
    </line>
    <line>
      <![CDATA[===STARTING WITH CHROME BROWSER===]]>
    </line>
    <line>
      <![CDATA[==Greeting Text is verified!]]>
    </line>
    <line>
      <![CDATA[==BROWSER SESSION END==]]>
    </line>
  </reporter-output>
  <suite started-at="2024-03-23T14:10:52 NPT" name="Default suite" finished-at="2024-03-23T14:11:00 NPT" duration-ms="8410">
    <groups>
    </groups>
    <test started-at="2024-03-23T14:10:52 NPT" name="Default test" finished-at="2024-03-23T14:11:00 NPT" duration-ms="8410">
      <class name="myPrj.DashboardTest">
        <test-method is-config="true" signature="setUp()[pri:0, instance:myPrj.DashboardTest@68c9133c]" started-at="2024-03-23T14:10:52 NPT" name="setUp" finished-at="2024-03-23T14:10:54 NPT" duration-ms="2445" status="PASS">
          <reporter-output>
            <line>
              <![CDATA[====BROWSER SESSION STARTED====]]>
            </line>
            <line>
              <![CDATA[===STARTING WITH CHROME BROWSER===]]>
            </line>
          </reporter-output>
        </test-method> <!-- setUp -->
        <test-method signature="verifyLoginStatusText()[pri:20, instance:myPrj.DashboardTest@68c9133c]" started-at="2024-03-23T14:10:54 NPT" name="verifyLoginStatusText" finished-at="2024-03-23T14:10:56 NPT" duration-ms="2003" status="PASS">
          <reporter-output>
            <line>
              <![CDATA[==Login Status Text shown and is Verified!]]>
            </line>
          </reporter-output>
        </test-method> <!-- verifyLoginStatusText -->
        <test-method is-config="true" signature="tearDown()[pri:0, instance:myPrj.DashboardTest@68c9133c]" started-at="2024-03-23T14:10:56 NPT" name="tearDown" finished-at="2024-03-23T14:10:57 NPT" duration-ms="140" status="PASS">
          <reporter-output>
            <line>
              <![CDATA[==BROWSER SESSION END==]]>
            </line>
          </reporter-output>
        </test-method> <!-- tearDown -->
        <test-method is-config="true" signature="setUp()[pri:0, instance:myPrj.DashboardTest@68c9133c]" started-at="2024-03-23T14:10:57 NPT" name="setUp" finished-at="2024-03-23T14:10:58 NPT" duration-ms="1693" status="PASS">
          <reporter-output>
            <line>
              <![CDATA[====BROWSER SESSION STARTED====]]>
            </line>
            <line>
              <![CDATA[===STARTING WITH CHROME BROWSER===]]>
            </line>
          </reporter-output>
        </test-method> <!-- setUp -->
        <test-method signature="verifyGreetingText()[pri:30, instance:myPrj.DashboardTest@68c9133c]" started-at="2024-03-23T14:10:58 NPT" name="verifyGreetingText" finished-at="2024-03-23T14:11:00 NPT" duration-ms="1936" status="PASS">
          <reporter-output>
            <line>
              <![CDATA[==Greeting Text is verified!]]>
            </line>
          </reporter-output>
        </test-method> <!-- verifyGreetingText -->
        <test-method is-config="true" signature="tearDown()[pri:0, instance:myPrj.DashboardTest@68c9133c]" started-at="2024-03-23T14:11:00 NPT" name="tearDown" finished-at="2024-03-23T14:11:00 NPT" duration-ms="135" status="PASS">
          <reporter-output>
            <line>
              <![CDATA[==BROWSER SESSION END==]]>
            </line>
          </reporter-output>
        </test-method> <!-- tearDown -->
      </class> <!-- myPrj.DashboardTest -->
    </test> <!-- Default test -->
  </suite> <!-- Default suite -->
</testng-results>
